<?xml version="1.0" encoding="UTF-8"?>
<!-- Generated by org.testng.reporters.JUnitXMLReporter -->
<testsuite ignored="1" hostname="Simrans-Air" failures="0" tests="1" name="Default test" time="10.159" errors="0" timestamp="2023-08-23T06:47:40 EDT">
  <testcase classname="com.tutorialninja.Test.RegisterNewAccountTest" name="verifyRegisterWithBlankSubmission" time="0.527"/>
  <testcase classname="com.tutorialninja.Test.RegisterNewAccountTest" name="registerTestWithAllMendatoryFields" time="0.0">
    <ignored/>
  </testcase> <!-- registerTestWithAllMendatoryFields -->
</testsuite> <!-- Default test -->
