<?xml version="1.0" encoding="UTF-8"?>
<testng-results ignored="1" total="2" passed="1" failed="0" skipped="0">
  <reporter-output>
  </reporter-output>
  <suite started-at="2023-08-23T06:47:30 EDT" name="Default suite" finished-at="2023-08-23T06:47:40 EDT" duration-ms="10159">
    <groups>
    </groups>
    <test started-at="2023-08-23T06:47:30 EDT" name="Default test" finished-at="2023-08-23T06:47:40 EDT" duration-ms="10159">
      <class name="com.tutorialninja.Test.RegisterNewAccountTest">
        <test-method is-config="true" signature="basic()[pri:0, instance:com.tutorialninja.Test.RegisterNewAccountTest@48f278eb]" started-at="2023-08-23T06:47:30 EDT" name="basic" finished-at="2023-08-23T06:47:40 EDT" duration-ms="9598" status="PASS">
          <reporter-output>
          </reporter-output>
        </test-method> <!-- basic -->
        <test-method signature="verifyRegisterWithBlankSubmission()[pri:2, instance:com.tutorialninja.Test.RegisterNewAccountTest@48f278eb]" started-at="2023-08-23T06:47:40 EDT" name="verifyRegisterWithBlankSubmission" finished-at="2023-08-23T06:47:40 EDT" duration-ms="527" status="PASS">
          <reporter-output>
          </reporter-output>
        </test-method> <!-- verifyRegisterWithBlankSubmission -->
        <test-method is-config="true" signature="tearDown()[pri:0, instance:com.tutorialninja.Test.RegisterNewAccountTest@48f278eb]" started-at="2023-08-23T06:47:40 EDT" name="tearDown" finished-at="2023-08-23T06:47:40 EDT" duration-ms="0" status="PASS">
          <reporter-output>
          </reporter-output>
        </test-method> <!-- tearDown -->
      </class> <!-- com.tutorialninja.Test.RegisterNewAccountTest -->
    </test> <!-- Default test -->
  </suite> <!-- Default suite -->
</testng-results>
