<?xml version="1.0" encoding="UTF-8"?>
<testng-results ignored="0" total="1" passed="1" failed="0" skipped="0">
  <reporter-output>
  </reporter-output>
  <suite started-at="2023-08-22T18:43:56 EDT" name="Default suite" finished-at="2023-08-22T18:44:24 EDT" duration-ms="27975">
    <groups>
    </groups>
    <test started-at="2023-08-22T18:43:56 EDT" name="Default test" finished-at="2023-08-22T18:44:24 EDT" duration-ms="27975">
      <class name="com.tutorialninja.Test.EndToEndaPurchasePositiveTest">
        <test-method is-config="true" signature="basic()[pri:0, instance:com.tutorialninja.Test.EndToEndaPurchasePositiveTest@5acf93bb]" started-at="2023-08-22T18:43:56 EDT" name="basic" finished-at="2023-08-22T18:44:08 EDT" duration-ms="11977" status="PASS">
          <reporter-output>
          </reporter-output>
        </test-method> <!-- basic -->
        <test-method signature="endToEnd()[pri:1, instance:com.tutorialninja.Test.EndToEndaPurchasePositiveTest@5acf93bb]" started-at="2023-08-22T18:44:08 EDT" name="endToEnd" finished-at="2023-08-22T18:44:24 EDT" duration-ms="15955" status="PASS">
          <reporter-output>
          </reporter-output>
        </test-method> <!-- endToEnd -->
        <test-method is-config="true" signature="tearDown()[pri:0, instance:com.tutorialninja.Test.EndToEndaPurchasePositiveTest@5acf93bb]" started-at="2023-08-22T18:44:24 EDT" name="tearDown" finished-at="2023-08-22T18:44:24 EDT" duration-ms="1" status="PASS">
          <reporter-output>
          </reporter-output>
        </test-method> <!-- tearDown -->
      </class> <!-- com.tutorialninja.Test.EndToEndaPurchasePositiveTest -->
    </test> <!-- Default test -->
  </suite> <!-- Default suite -->
</testng-results>
